<?xml version="1.0" encoding="UTF-8"?>
<datasources>
	<xa-datasource>
		<jndi-name>SecurityXAOracleDS</jndi-name>
		<xa-datasource-property name="URL">
			url2
		</xa-datasource-property>
		<xa-datasource-property name="User">
			user2
		</xa-datasource-property>
		<xa-datasource-property name="Password">
			pass2 
		</xa-datasource-property>
		I'm the SecurityXAOracleDS xa-datasource node text
	</xa-datasource>
	<xa-datasource>
		<jndi-name>caarray2XAOracleDS</jndi-name>
		<xa-datasource-property name="URL">
			url1
		</xa-datasource-property>
		I'm the caarray2XAOracleDS xa-datasource node text
	</xa-datasource>
</datasources>
